0 info it worked if it ends with ok
1 verbose cli [ '/usr/local/Cellar/node/7.7.4/bin/node',
1 verbose cli   '/usr/local/bin/npm',
1 verbose cli   'run',
1 verbose cli   'styles' ]
2 info using npm@4.1.2
3 info using node@v7.7.4
4 verbose run-script [ 'prestyles', 'styles', 'poststyles' ]
5 info lifecycle draggable@1.0.0~prestyles: draggable@1.0.0
6 silly lifecycle draggable@1.0.0~prestyles: no script for prestyles, continuing
7 info lifecycle draggable@1.0.0~styles: draggable@1.0.0
8 verbose lifecycle draggable@1.0.0~styles: unsafe-perm in lifecycle true
9 verbose lifecycle draggable@1.0.0~styles: PATH: /usr/local/lib/node_modules/npm/bin/node-gyp-bin:/Users/cjensen/personal/dragger/node_modules/.bin:/Users/cjensen/personal/dragger/node_modules/.bin:/Users/cjensen/.config/yarn/link/node_modules/.bin:/Users/cjensen/personal/dragger/node_modules/.bin:/Users/cjensen/.config/yarn/link/node_modules/.bin:/usr/local/Cellar/yarn/0.21.3/libexec/lib/node_modules/yarn/bin/node-gyp-bin:/usr/local/opt/curl/bin:/usr/local/opt/curl/bin:/Users/cjensen/go/bin:/usr/local/bin:/usr/bin:/bin:/usr/sbin:/sbin:/opt/X11/bin
10 verbose lifecycle draggable@1.0.0~styles: CWD: /Users/cjensen/personal/dragger
11 silly lifecycle draggable@1.0.0~styles: Args: [ '-c', 'stylus -c < src/styles/main.styl > dist/style.css' ]
12 silly lifecycle draggable@1.0.0~styles: Returned: code: 1  signal: null
13 info lifecycle draggable@1.0.0~styles: Failed to exec styles script
14 verbose stack Error: draggable@1.0.0 styles: `stylus -c < src/styles/main.styl > dist/style.css`
14 verbose stack Exit status 1
14 verbose stack     at EventEmitter.<anonymous> (/usr/local/lib/node_modules/npm/lib/utils/lifecycle.js:279:16)
14 verbose stack     at emitTwo (events.js:106:13)
14 verbose stack     at EventEmitter.emit (events.js:194:7)
14 verbose stack     at ChildProcess.<anonymous> (/usr/local/lib/node_modules/npm/lib/utils/spawn.js:40:14)
14 verbose stack     at emitTwo (events.js:106:13)
14 verbose stack     at ChildProcess.emit (events.js:194:7)
14 verbose stack     at maybeClose (internal/child_process.js:899:16)
14 verbose stack     at Process.ChildProcess._handle.onexit (internal/child_process.js:226:5)
15 verbose pkgid draggable@1.0.0
16 verbose cwd /Users/cjensen/personal/dragger
17 error Darwin 15.3.0
18 error argv "/usr/local/Cellar/node/7.7.4/bin/node" "/usr/local/bin/npm" "run" "styles"
19 error node v7.7.4
20 error npm  v4.1.2
21 error code ELIFECYCLE
22 error draggable@1.0.0 styles: `stylus -c < src/styles/main.styl > dist/style.css`
22 error Exit status 1
23 error Failed at the draggable@1.0.0 styles script 'stylus -c < src/styles/main.styl > dist/style.css'.
23 error Make sure you have the latest version of node.js and npm installed.
23 error If you do, this is most likely a problem with the draggable package,
23 error not with npm itself.
23 error Tell the author that this fails on your system:
23 error     stylus -c < src/styles/main.styl > dist/style.css
23 error You can get information on how to open an issue for this project with:
23 error     npm bugs draggable
23 error Or if that isn't available, you can get their info via:
23 error     npm owner ls draggable
23 error There is likely additional logging output above.
24 verbose exit [ 1, true ]
